<?xml version="1.0" encoding="UTF-8"?>
<!-- Generated by org.testng.reporters.JUnitReportReporter -->
<testsuite hostname="DESKTOP-KFJASB6" failures="0" tests="5" name="com.SalesforceApp.Automationtests.AutomationScripts" time="22.526" errors="0" timestamp="2024-02-20T15:06:59 EST" skipped="0">
  <testcase classname="com.SalesforceApp.Automationtests.AutomationScripts" name="Rememberme_login_4a" time="6.464"/>
  <testcase classname="com.SalesforceApp.Automationtests.AutomationScripts" name="succesLogin_2" time="4.970"/>
  <testcase classname="com.SalesforceApp.Automationtests.AutomationScripts" name="Rememberme_login_3" time="6.278"/>
  <testcase classname="com.SalesforceApp.Automationtests.AutomationScripts" name="invalid_login_1" time="2.359"/>
  <testcase classname="com.SalesforceApp.Automationtests.AutomationScripts" name="Rememberme_login_4b" time="2.455"/>
</testsuite> <!-- com.SalesforceApp.Automationtests.AutomationScripts -->
